<?xml version="1.0" encoding="UTF-8"?>
<!-- Generated by org.testng.reporters.JUnitReportReporter -->
<testsuite hostname="LAPTOP-E1NRTU5J" failures="0" tests="8" name="api.test.UserTestsNumpy" time="7.039" errors="0" timestamp="2024-10-17T22:39:49 CDT" skipped="0">
  <testcase classname="api.test.UserTestsNumpy" name="testPostUser" time="2.151"/>
  <testcase classname="api.test.UserTestsNumpy" name="testGetAllUsers" time="1.745"/>
  <testcase classname="api.test.UserTestsNumpy" name="GetUserById" time="0.404"/>
  <testcase classname="api.test.UserTestsNumpy" name="GetUserByFirstName" time="0.417"/>
  <testcase classname="api.test.UserTestsNumpy" name="UpdateUserById" time="0.411"/>
  <testcase classname="api.test.UserTestsNumpy" name="DeleteUserByID" time="0.754"/>
  <testcase classname="api.test.UserTestsNumpy" name="testPostUserWithMandatoryDetails" time="0.398"/>
  <testcase classname="api.test.UserTestsNumpy" name="DeleteUserByFirstName" time="0.759"/>
</testsuite> <!-- api.test.UserTestsNumpy -->
