<?xml version="1.0" encoding="UTF-8"?>
<!-- Generated by org.testng.reporters.JUnitReportReporter -->
<testsuite hostname="LAPTOP-E1NRTU5J" failures="0" tests="4" name="api.test.UserTests2" time="3.234" errors="0" timestamp="2024-02-14T11:01:25 CST" skipped="0">
  <testcase classname="api.test.UserTests2" name="testPostUser" time="1.859"/>
  <testcase classname="api.test.UserTests2" name="testGetUser" time="0.846"/>
  <testcase classname="api.test.UserTests2" name="testupdateUserbyName" time="0.266"/>
  <testcase classname="api.test.UserTests2" name="testDeleteUserbyName" time="0.263"/>
</testsuite> <!-- api.test.UserTests2 -->
