<?xml version="1.0" encoding="UTF-8"?>
<!-- Generated by org.testng.reporters.JUnitReportReporter -->
<testsuite hostname="LAPTOP-E1NRTU5J" failures="0" tests="9" name="api.test.DDTUserTests" time="3.818" errors="0" timestamp="2024-02-14T10:16:29 CST" skipped="0">
  <testcase classname="api.test.DDTUserTests" name="createUserDDT" time="0.265"/>
  <testcase classname="api.test.DDTUserTests" name="createUserDDT" time="0.280"/>
  <testcase classname="api.test.DDTUserTests" name="createUserDDT" time="1.664"/>
  <testcase classname="api.test.DDTUserTests" name="testGetUser" time="0.312"/>
  <testcase classname="api.test.DDTUserTests" name="testGetUser" time="0.251"/>
  <testcase classname="api.test.DDTUserTests" name="testGetUser" time="0.259"/>
  <testcase classname="api.test.DDTUserTests" name="testDeleteUserbyName" time="0.266"/>
  <testcase classname="api.test.DDTUserTests" name="testDeleteUserbyName" time="0.261"/>
  <testcase classname="api.test.DDTUserTests" name="testDeleteUserbyName" time="0.260"/>
</testsuite> <!-- api.test.DDTUserTests -->
